alexandria/Alexandria/app/manifest-merger-release-report.txt
-- Merging decision tree log ---
manifest
ADDED from AndroidManifest.xml:2:1
	package
		ADDED from AndroidManifest.xml:3:5
		INJECTED from AndroidManifest.xml:0:0
		INJECTED from AndroidManifest.xml:0:0
	android:versionName
		INJECTED from AndroidManifest.xml:0:0
		INJECTED from AndroidManifest.xml:0:0
	xmlns:android
		ADDED from AndroidManifest.xml:2:11
	android:versionCode
		INJECTED from AndroidManifest.xml:0:0
		INJECTED from AndroidManifest.xml:0:0
uses-permission#android.permission.INTERNET
ADDED from AndroidManifest.xml:7:5
	android:name
		ADDED from AndroidManifest.xml:7:22
uses-permission#android.permission.ACCESS_NETWORK_STATE
ADDED from AndroidManifest.xml:8:5
	android:name
		ADDED from AndroidManifest.xml:8:22
uses-permission#android.permission.CAMERA
ADDED from AndroidManifest.xml:11:5
MERGED from com.journeyapps:zxing-android-embedded:3.0.2:23:5
	android:name
		ADDED from AndroidManifest.xml:11:22
uses-feature#android.hardware.camera
ADDED from AndroidManifest.xml:12:5
MERGED from com.journeyapps:zxing-android-embedded:3.0.2:26:5
	android:required
		ADDED from AndroidManifest.xml:12:58
	android:name
		ADDED from AndroidManifest.xml:12:19
uses-feature#android.hardware.camera.autofocus
ADDED from AndroidManifest.xml:13:5
MERGED from com.journeyapps:zxing-android-embedded:3.0.2:34:5
	android:required
		ADDED from AndroidManifest.xml:13:68
	android:name
		ADDED from AndroidManifest.xml:13:19
application
ADDED from AndroidManifest.xml:15:5
MERGED from com.android.support:appcompat-v7:23.1.1:22:5
MERGED from com.android.support:support-v4:23.1.1:22:5
MERGED from com.journeyapps:zxing-android-embedded:3.0.2:47:5
	android:label
		ADDED from AndroidManifest.xml:18:9
	android:supportsRtl
		ADDED from AndroidManifest.xml:20:9
	android:allowBackup
		ADDED from AndroidManifest.xml:16:9
	android:icon
		ADDED from AndroidManifest.xml:17:9
	android:theme
		ADDED from AndroidManifest.xml:19:9
activity#it.jaschke.alexandria.MainActivity
ADDED from AndroidManifest.xml:24:9
	android:label
		ADDED from AndroidManifest.xml:27:13
	android:windowSoftInputMode
		ADDED from AndroidManifest.xml:29:13
	android:configChanges
		ADDED from AndroidManifest.xml:28:13
	android:theme
		ADDED from AndroidManifest.xml:26:13
	android:name
		ADDED from AndroidManifest.xml:25:13
intent-filter#android.intent.action.MAIN+android.intent.category.LAUNCHER
ADDED from AndroidManifest.xml:31:13
action#android.intent.action.MAIN
ADDED from AndroidManifest.xml:32:17
	android:name
		ADDED from AndroidManifest.xml:32:25
category#android.intent.category.LAUNCHER
ADDED from AndroidManifest.xml:33:17
	android:name
		ADDED from AndroidManifest.xml:33:27
activity#it.jaschke.alexandria.ScanActivity
ADDED from AndroidManifest.xml:38:9
	android:screenOrientation
		ADDED from AndroidManifest.xml:39:13
	android:stateNotNeeded
		ADDED from AndroidManifest.xml:40:13
	android:windowSoftInputMode
		ADDED from AndroidManifest.xml:42:13
	android:theme
		ADDED from AndroidManifest.xml:41:13
	android:name
		ADDED from AndroidManifest.xml:38:19
activity#it.jaschke.alexandria.SettingsActivity
ADDED from AndroidManifest.xml:47:9
	android:label
		ADDED from AndroidManifest.xml:51:13
	android:parentActivityName
		ADDED from AndroidManifest.xml:49:13
	android:theme
		ADDED from AndroidManifest.xml:50:13
	android:name
		ADDED from AndroidManifest.xml:48:13
meta-data#android.support.PARENT_ACTIVITY
ADDED from AndroidManifest.xml:53:13
	android:value
		ADDED from AndroidManifest.xml:55:17
	android:name
		ADDED from AndroidManifest.xml:54:17
provider#it.jaschke.alexandria.data.AlexandriaProvider
ADDED from AndroidManifest.xml:60:9
	android:authorities
		ADDED from AndroidManifest.xml:62:13
	android:exported
		ADDED from AndroidManifest.xml:63:13
	android:name
		ADDED from AndroidManifest.xml:61:13
service#it.jaschke.alexandria.services.GoogleBooksService
ADDED from AndroidManifest.xml:68:9
	android:exported
		ADDED from AndroidManifest.xml:70:13
	android:name
		ADDED from AndroidManifest.xml:69:13
uses-sdk
INJECTED from AndroidManifest.xml:0:0 reason: use-sdk injection requested
MERGED from com.android.support:appcompat-v7:23.1.1:20:5
MERGED from com.android.support:support-v4:23.1.1:20:5
MERGED from com.journeyapps:zxing-android-embedded:3.0.2:19:5
	android:targetSdkVersion
		INJECTED from AndroidManifest.xml:0:0
		INJECTED from AndroidManifest.xml:0:0
	android:minSdkVersion
		INJECTED from AndroidManifest.xml:0:0
		INJECTED from AndroidManifest.xml:0:0
uses-feature#android.hardware.camera.front
ADDED from com.journeyapps:zxing-android-embedded:3.0.2:29:5
	android:required
		ADDED from com.journeyapps:zxing-android-embedded:3.0.2:31:9
	android:name
		ADDED from com.journeyapps:zxing-android-embedded:3.0.2:30:9
uses-feature#android.hardware.camera.flash
ADDED from com.journeyapps:zxing-android-embedded:3.0.2:37:5
	android:required
		ADDED from com.journeyapps:zxing-android-embedded:3.0.2:39:9
	android:name
		ADDED from com.journeyapps:zxing-android-embedded:3.0.2:38:9
uses-feature#android.hardware.screen.landscape
ADDED from com.journeyapps:zxing-android-embedded:3.0.2:40:5
	android:required
		ADDED from com.journeyapps:zxing-android-embedded:3.0.2:42:9
	android:name
		ADDED from com.journeyapps:zxing-android-embedded:3.0.2:41:9
uses-feature#android.hardware.wifi
ADDED from com.journeyapps:zxing-android-embedded:3.0.2:43:5
	android:required
		ADDED from com.journeyapps:zxing-android-embedded:3.0.2:45:9
	android:name
		ADDED from com.journeyapps:zxing-android-embedded:3.0.2:44:9
activity#com.journeyapps.barcodescanner.CaptureActivity
ADDED from com.journeyapps:zxing-android-embedded:3.0.2:48:9
	android:clearTaskOnLaunch
		ADDED from com.journeyapps:zxing-android-embedded:3.0.2:50:13
	android:screenOrientation
		ADDED from com.journeyapps:zxing-android-embedded:3.0.2:51:13
	android:stateNotNeeded
		ADDED from com.journeyapps:zxing-android-embedded:3.0.2:52:13
	android:windowSoftInputMode
		ADDED from com.journeyapps:zxing-android-embedded:3.0.2:54:13
	android:theme
		ADDED from com.journeyapps:zxing-android-embedded:3.0.2:53:13
	android:name
		ADDED from com.journeyapps:zxing-android-embedded:3.0.2:49:13